[0206/190231.538:ERROR:icu_util.cc(177)] Invalid file descriptor to ICU data received.
[0206/190231.538:FATAL:icu_util.cc(314)] Check failed: result. 
Backtrace:
	QWebEngineUrlScheme::QWebEngineUrlScheme [0x00007FFD2E8E3435+329989]
	QWebEngineUrlScheme::QWebEngineUrlScheme [0x00007FFD2E8F39A3+396915]
	base::RefCountedThreadSafe<QtWebEngineCore::CookieMonsterDelegateQt,base::DefaultRefCountedThreadSafeTraits<QtWebEngineCore::CookieMonsterDelegateQt> >::RefCountedThreadSafe<QtWebEngineCore::CookieMonsterDelegateQt,base::DefaultRefCountedThreadSafeTraits< [0x00007FFD2E877D0B+80171]
	QtWebEngineCore::FilePickerController::mode [0x00007FFD2EE083DD+5185133]
	QtWebEngineCore::WebEngineSettings::setUnknownUrlSchemePolicy [0x00007FFD2E843DA7+2149447]
	QWebEngineRegisterProtocolHandlerRequest::operator= [0x00007FFD2D4AE832+24898]
	QWebEngineUrlScheme::operator!= [0x00007FFD2D4AF530+2432]
	QtWebEngineCore::WebContentsAdapter::WebContentsAdapter [0x00007FFD2D4A031C+108]
	QWebEngineHistoryItem::url [0x00007FFD7591387E+430]
	QWebEnginePage::QWebEnginePage [0x00007FFD75913BB6+134]
	QWebEnginePage::QWebEnginePage [0x00007FFD75913B0D+45]
	QWebEngineView::page [0x00007FFD75922E1D+45]
	WebGui::BrowserView::BrowserView [0x00007FFD71663BAA+394]
	WebGui::BrowserView::getName [0x00007FFD716624C2+2402]
	WebGui::BrowserView::getName [0x00007FFD71661EF7+919]
	method_varargs_call_handler [0x00007FFD4FAF0C04+356]
	PyCFunction_FastCallDict [0x00000000650D5201+481]
	PyCFunction_FastCallKeywords [0x00000000650D52A2+82]
	PyEval_GetFuncDesc [0x000000006515CBDF+367]
	PyEval_EvalFrameDefault [0x0000000065157D21+3857]
	PyEval_GetFuncDesc [0x000000006515CD42+722]
	PyObject_FastCallDict [0x000000006508412E+110]
	PyObject_Call_Prepend [0x00000000650842B3+147]
	PyObject_Call [0x0000000065083FF8+120]
	PyType_Ready [0x00000000650FC9FB+20299]
	PyType_Modified [0x00000000650EF372+6802]
	PyObject_FastCallDict [0x00000000650841A0+224]
	PyObject_FastCallKeywords [0x00000000650846EA+138]
	PyEval_GetFuncDesc [0x000000006515CC4E+478]
	PyEval_EvalFrameDefault [0x0000000065157D21+3857]
	PyEval_GetFuncDesc [0x000000006515CD42+722]
	PyObject_FastCallDict [0x000000006508412E+110]
	PyObject_Call_Prepend [0x00000000650842B3+147]
	PyObject_Call [0x0000000065083FF8+120]
	PyType_Ready [0x00000000650FC9FB+20299]
	PyType_Modified [0x00000000650EF372+6802]
	PyObject_FastCallDict [0x00000000650841A0+224]
	PyObject_FastCallKeywords [0x00000000650846EA+138]
	PyEval_GetFuncDesc [0x000000006515CC4E+478]
	PyEval_EvalFrameDefault [0x0000000065157D21+3857]
	PyEval_EvalFrameDefault [0x000000006515B97E+19310]
	PyRun_FileExFlags [0x00000000651AC5DD+1165]
	PyRun_StringFlags [0x00000000651AC118+232]
	Base::InterpreterSingleton::runString [0x00007FFD4FB1FA71+129]
	StartGui::Workbench::loadStartPage [0x00007FFD4535842D+941]
	StartGui::Workbench::activated [0x00007FFD45357F12+18]
	Gui::Application::activateWorkbench [0x00007FFD42B3FE5C+4668]
	Gui::Application::runApplication [0x00007FFD42B50529+9209]
	(No symbol) [0x00007FF63A053FF5]
	(No symbol) [0x00007FF63A055584]
	(No symbol) [0x00007FF63A054AEA]
	BaseThreadInitThunk [0x00007FFD9BE07BD4+20]
	RtlUserThreadStart [0x00007FFD9CC0CED1+33]

